\BOOKMARK [1][-]{section.1}{Introducci\363n}{}
\BOOKMARK [1][-]{section.2}{Planteo}{}
\BOOKMARK [2][-]{subsection.2.1}{Din\341mica de trabajo en el hospital}{section.2}
\BOOKMARK [2][-]{subsection.2.2}{Reuniones y contacto con el usuario}{section.2}
\BOOKMARK [2][-]{subsection.2.3}{Requerimientos del cliente}{section.2}
\BOOKMARK [2][-]{subsection.2.4}{Pantallas y din\341mica de uso}{section.2}
\BOOKMARK [2][-]{subsection.2.5}{Informes}{section.2}
\BOOKMARK [3][-]{subsubsection.2.5.1}{Tiempo de espera para cada prioridad}{subsection.2.5}
\BOOKMARK [3][-]{subsubsection.2.5.2}{Cantidad de atenciones para cada prioridad}{subsection.2.5}
\BOOKMARK [3][-]{subsubsection.2.5.3}{Reporte de Personas}{subsection.2.5}
\BOOKMARK [1][-]{section.3}{Dise\361o e implementaci\363n}{}
\BOOKMARK [2][-]{subsection.3.1}{Tecnolog\355as}{section.3}
\BOOKMARK [3][-]{subsubsection.3.1.1}{AngularJS}{subsection.3.1}
\BOOKMARK [3][-]{subsubsection.3.1.2}{Grails}{subsection.3.1}
\BOOKMARK [3][-]{subsubsection.3.1.3}{Bases de datos}{subsection.3.1}
\BOOKMARK [2][-]{subsection.3.2}{Metodolog\355a de trabajo}{section.3}
\BOOKMARK [3][-]{subsubsection.3.2.1}{Resumen del itinerario del proyecto}{subsection.3.2}
\BOOKMARK [3][-]{subsubsection.3.2.2}{Flujo de trabajo en una iteraci\363n}{subsection.3.2}
\BOOKMARK [3][-]{subsubsection.3.2.3}{Herramientas que utilizamos}{subsection.3.2}
\BOOKMARK [2][-]{subsection.3.3}{Arquitectura}{section.3}
\BOOKMARK [3][-]{subsubsection.3.3.1}{Comunicaci\363n entre el cliente y el servidor}{subsection.3.3}
\BOOKMARK [3][-]{subsubsection.3.3.2}{Arquitectura en AngularJS}{subsection.3.3}
\BOOKMARK [3][-]{subsubsection.3.3.3}{Arquitectura en Grails}{subsection.3.3}
\BOOKMARK [2][-]{subsection.3.4}{Testing}{section.3}
\BOOKMARK [3][-]{subsubsection.3.4.1}{Testing unitario}{subsection.3.4}
\BOOKMARK [3][-]{subsubsection.3.4.2}{Testing de integraci\363n}{subsection.3.4}
\BOOKMARK [3][-]{subsubsection.3.4.3}{Testing funcional}{subsection.3.4}
\BOOKMARK [3][-]{subsubsection.3.4.4}{Problemas que tuvimos con el testing}{subsection.3.4}
\BOOKMARK [2][-]{subsection.3.5}{Deploy e Instalaci\363n}{section.3}
\BOOKMARK [3][-]{subsubsection.3.5.1}{Manual de usuario}{subsection.3.5}
\BOOKMARK [1][-]{section.4}{Alta, baja y modificaci\363n de datos \(ABMs\)}{}
\BOOKMARK [2][-]{subsection.4.1}{ABM de s\355ntomas}{section.4}
\BOOKMARK [3][-]{subsubsection.4.1.1}{Filtrado del listado}{subsection.4.1}
\BOOKMARK [3][-]{subsubsection.4.1.2}{Aprendizaje del usuario}{subsection.4.1}
\BOOKMARK [1][-]{section.5}{Conclusiones}{}
